
> passwordpanic@0.1.0 build
> next build

▲ Next.js 16.1.6 (Turbopack)

  Creating an optimized production build ...
✓ Compiled successfully in 2.8s
  Running TypeScript ...
  Collecting page data using 15 workers ...
⚠ Using edge runtime on a page currently disables static generation for that page
  Generating static pages using 15 workers (0/8) ...
  Generating static pages using 15 workers (2/8) 
  Generating static pages using 15 workers (4/8) 
  Generating static pages using 15 workers (6/8) 
✓ Generating static pages using 15 workers (8/8) in 987.1ms
  Finalizing page optimization ...

Route (app)
┌ ○ /
├ ○ /_not-found
├ ƒ /api/wordle
├ ○ /create
├ ○ /game
├ ○ /join
├ ƒ /room/[roomCode]
└ ○ /slidingpuzzle


○  (Static)   prerendered as static content
ƒ  (Dynamic)  server-rendered on demand

